# hmmsearch :: search profile(s) against a sequence database
# HMMER 3.3.2 (Nov 2020); http://hmmer.org/
# Copyright (C) 2020 Howard Hughes Medical Institute.
# Freely distributed under the BSD open source license.
# - - - - - - - - - - - - - - - - - - - - - - - - - - - - - - - - - - - -
# query HMM file:                  ../BUILD_mcrA.hmm
# target sequence database:        proteome_18.fasta
# - - - - - - - - - - - - - - - - - - - - - - - - - - - - - - - - - - - -

Query:       ALIGN_mcrA  [M=558]
Scores for complete sequences (score includes all domains):
   --- full sequence ---   --- best 1 domain ---    -#dom-
    E-value  score  bias    E-value  score  bias    exp  N  Sequence Description
    ------- ------ -----    ------- ------ -----   ---- --  -------- -----------

   [No hits detected that satisfy reporting thresholds]


Domain annotation for each sequence (and alignments):

   [No targets detected that satisfy reporting thresholds]


Internal pipeline statistics summary:
-------------------------------------
Query model(s):                            1  (558 nodes)
Target sequences:                       4219  (1434631 residues searched)
Passed MSV filter:                       152  (0.0360275); expected 84.4 (0.02)
Passed bias filter:                       92  (0.0218061); expected 84.4 (0.02)
Passed Vit filter:                         1  (0.000237023); expected 4.2 (0.001)
Passed Fwd filter:                         0  (0); expected 0.0 (1e-05)
Initial search space (Z):               4219  [actual number of targets]
Domain search space  (domZ):               0  [number of targets reported over threshold]
# CPU time: 0.06u 0.00s 00:00:00.06 Elapsed: 00:00:00.02
# Mc/sec: 26737.85
//
[ok]
