# hmmsearch :: search profile(s) against a sequence database
# HMMER 3.3.2 (Nov 2020); http://hmmer.org/
# Copyright (C) 2020 Howard Hughes Medical Institute.
# Freely distributed under the BSD open source license.
# - - - - - - - - - - - - - - - - - - - - - - - - - - - - - - - - - - - -
# query HMM file:                  ../BUILD_mcrA.hmm
# target sequence database:        proteome_22.fasta
# - - - - - - - - - - - - - - - - - - - - - - - - - - - - - - - - - - - -

Query:       ALIGN_mcrA  [M=558]
Scores for complete sequences (score includes all domains):
   --- full sequence ---   --- best 1 domain ---    -#dom-
    E-value  score  bias    E-value  score  bias    exp  N  Sequence Description
    ------- ------ -----    ------- ------ -----   ---- --  -------- -----------

   [No hits detected that satisfy reporting thresholds]


Domain annotation for each sequence (and alignments):

   [No targets detected that satisfy reporting thresholds]


Internal pipeline statistics summary:
-------------------------------------
Query model(s):                            1  (558 nodes)
Target sequences:                       9228  (3036290 residues searched)
Passed MSV filter:                       284  (0.0307759); expected 184.6 (0.02)
Passed bias filter:                      248  (0.0268747); expected 184.6 (0.02)
Passed Vit filter:                        29  (0.00314261); expected 9.2 (0.001)
Passed Fwd filter:                         0  (0); expected 0.1 (1e-05)
Initial search space (Z):               9228  [actual number of targets]
Domain search space  (domZ):               0  [number of targets reported over threshold]
# CPU time: 0.17u 0.01s 00:00:00.18 Elapsed: 00:00:00.08
# Mc/sec: 20694.46
//
[ok]
