# hmmsearch :: search profile(s) against a sequence database
# HMMER 3.3.2 (Nov 2020); http://hmmer.org/
# Copyright (C) 2020 Howard Hughes Medical Institute.
# Freely distributed under the BSD open source license.
# - - - - - - - - - - - - - - - - - - - - - - - - - - - - - - - - - - - -
# query HMM file:                  ../BUILD_hsp70.hmm
# target sequence database:        proteome_29.fasta
# - - - - - - - - - - - - - - - - - - - - - - - - - - - - - - - - - - - -

Query:       ALIGN_hsp70  [M=618]
Scores for complete sequences (score includes all domains):
   --- full sequence ---   --- best 1 domain ---    -#dom-
    E-value  score  bias    E-value  score  bias    exp  N  Sequence Description
    ------- ------ -----    ------- ------ -----   ---- --  -------- -----------

   [No hits detected that satisfy reporting thresholds]


Domain annotation for each sequence (and alignments):

   [No targets detected that satisfy reporting thresholds]


Internal pipeline statistics summary:
-------------------------------------
Query model(s):                            1  (618 nodes)
Target sequences:                       1434  (405359 residues searched)
Passed MSV filter:                       127  (0.0885635); expected 28.7 (0.02)
Passed bias filter:                       57  (0.039749); expected 28.7 (0.02)
Passed Vit filter:                         5  (0.00348675); expected 1.4 (0.001)
Passed Fwd filter:                         0  (0); expected 0.0 (1e-05)
Initial search space (Z):               1434  [actual number of targets]
Domain search space  (domZ):               0  [number of targets reported over threshold]
# CPU time: 0.03u 0.00s 00:00:00.03 Elapsed: 00:00:00.01
# Mc/sec: 15759.11
//
[ok]
